<?xml version="1.0" encoding="UTF-8"?>
<!-- Generated by org.testng.reporters.JUnitXMLReporter -->
<testsuite ignored="0" hostname="DESKTOP-9LQNCQS" failures="0" tests="3" name="Default test" time="135.951" errors="0" timestamp="2023-11-27T09:34:44 IST">
  <testcase classname="Module1.DepositeTest2" name="DepositeAmount" time="25.54"/>
  <testcase classname="Module1.DepositeTest2" name="DepositeAmount" time="25.616"/>
  <testcase classname="Module1.DepositeTest2" name="DepositeAmount" time="25.808"/>
</testsuite> <!-- Default test -->
