<?xml version="1.0" encoding="UTF-8"?>
<testng-results ignored="0" total="3" passed="3" failed="0" skipped="0">
  <reporter-output>
  </reporter-output>
  <suite started-at="2023-11-27T09:32:28 IST" name="Default suite" finished-at="2023-11-27T09:34:44 IST" duration-ms="135951">
    <groups>
    </groups>
    <test started-at="2023-11-27T09:32:28 IST" name="Default test" finished-at="2023-11-27T09:34:44 IST" duration-ms="135951">
      <class name="Module1.DepositeTest2">
        <test-method is-config="true" signature="OpenBrowser()[pri:0, instance:Module1.DepositeTest2@428640fa]" started-at="2023-11-27T09:32:28 IST" name="OpenBrowser" finished-at="2023-11-27T09:32:39 IST" duration-ms="10629" status="PASS">
          <reporter-output>
          </reporter-output>
        </test-method> <!-- OpenBrowser -->
        <test-method is-config="true" signature="LoginUser()[pri:0, instance:Module1.DepositeTest2@428640fa]" started-at="2023-11-27T09:32:40 IST" name="LoginUser" finished-at="2023-11-27T09:32:50 IST" duration-ms="10461" status="PASS">
          <reporter-output>
          </reporter-output>
        </test-method> <!-- LoginUser -->
        <test-method signature="DepositeAmount(java.lang.String,java.lang.String,java.lang.String,java.lang.String)[pri:0, instance:Module1.DepositeTest2@428640fa]" started-at="2023-11-27T09:32:50 IST" name="DepositeAmount" data-provider="getTestData" finished-at="2023-11-27T09:33:16 IST" duration-ms="25540" status="PASS">
          <params>
            <param index="0">
              <value>
                <![CDATA[101]]>
              </value>
            </param>
            <param index="1">
              <value>
                <![CDATA[Harry Potter]]>
              </value>
            </param>
            <param index="2">
              <value>
                <![CDATA[1005]]>
              </value>
            </param>
            <param index="3">
              <value>
                <![CDATA[3000]]>
              </value>
            </param>
          </params>
          <reporter-output>
          </reporter-output>
        </test-method> <!-- DepositeAmount -->
        <test-method is-config="true" signature="LogOutUser(org.testng.ITestResult)[pri:0, instance:Module1.DepositeTest2@428640fa]" started-at="2023-11-27T09:33:16 IST" name="LogOutUser" finished-at="2023-11-27T09:33:21 IST" duration-ms="5125" status="PASS">
          <params>
            <param index="0">
              <value>
                <![CDATA[[TestResult name=DepositeAmount status=SUCCESS method=DepositeTest2.DepositeAmount(java.lang.String,java.lang.String,java.lang.String,java.lang.String)[pri:0, instance:Module1.DepositeTest2@428640fa] output={null}]]]>
              </value>
            </param>
          </params>
          <reporter-output>
          </reporter-output>
        </test-method> <!-- LogOutUser -->
        <test-method is-config="true" signature="LoginUser()[pri:0, instance:Module1.DepositeTest2@428640fa]" started-at="2023-11-27T09:33:21 IST" name="LoginUser" finished-at="2023-11-27T09:33:31 IST" duration-ms="10403" status="PASS">
          <reporter-output>
          </reporter-output>
        </test-method> <!-- LoginUser -->
        <test-method signature="DepositeAmount(java.lang.String,java.lang.String,java.lang.String,java.lang.String)[pri:0, instance:Module1.DepositeTest2@428640fa]" started-at="2023-11-27T09:33:31 IST" name="DepositeAmount" data-provider="getTestData" finished-at="2023-11-27T09:33:57 IST" duration-ms="25616" status="PASS">
          <params>
            <param index="0">
              <value>
                <![CDATA[102]]>
              </value>
            </param>
            <param index="1">
              <value>
                <![CDATA[Harry Potter]]>
              </value>
            </param>
            <param index="2">
              <value>
                <![CDATA[1004]]>
              </value>
            </param>
            <param index="3">
              <value>
                <![CDATA[4000]]>
              </value>
            </param>
          </params>
          <reporter-output>
          </reporter-output>
        </test-method> <!-- DepositeAmount -->
        <test-method is-config="true" signature="LogOutUser(org.testng.ITestResult)[pri:0, instance:Module1.DepositeTest2@428640fa]" started-at="2023-11-27T09:33:57 IST" name="LogOutUser" finished-at="2023-11-27T09:34:03 IST" duration-ms="5526" status="PASS">
          <params>
            <param index="0">
              <value>
                <![CDATA[[TestResult name=DepositeAmount status=SUCCESS method=DepositeTest2.DepositeAmount(java.lang.String,java.lang.String,java.lang.String,java.lang.String)[pri:0, instance:Module1.DepositeTest2@428640fa] output={null}]]]>
              </value>
            </param>
          </params>
          <reporter-output>
          </reporter-output>
        </test-method> <!-- LogOutUser -->
        <test-method is-config="true" signature="LoginUser()[pri:0, instance:Module1.DepositeTest2@428640fa]" started-at="2023-11-27T09:34:03 IST" name="LoginUser" finished-at="2023-11-27T09:34:13 IST" duration-ms="10579" status="PASS">
          <reporter-output>
          </reporter-output>
        </test-method> <!-- LoginUser -->
        <test-method signature="DepositeAmount(java.lang.String,java.lang.String,java.lang.String,java.lang.String)[pri:0, instance:Module1.DepositeTest2@428640fa]" started-at="2023-11-27T09:34:13 IST" name="DepositeAmount" data-provider="getTestData" finished-at="2023-11-27T09:34:39 IST" duration-ms="25808" status="PASS">
          <params>
            <param index="0">
              <value>
                <![CDATA[103]]>
              </value>
            </param>
            <param index="1">
              <value>
                <![CDATA[Harry Potter]]>
              </value>
            </param>
            <param index="2">
              <value>
                <![CDATA[1006]]>
              </value>
            </param>
            <param index="3">
              <value>
                <![CDATA[6000]]>
              </value>
            </param>
          </params>
          <reporter-output>
          </reporter-output>
        </test-method> <!-- DepositeAmount -->
        <test-method is-config="true" signature="LogOutUser(org.testng.ITestResult)[pri:0, instance:Module1.DepositeTest2@428640fa]" started-at="2023-11-27T09:34:39 IST" name="LogOutUser" finished-at="2023-11-27T09:34:44 IST" duration-ms="5171" status="PASS">
          <params>
            <param index="0">
              <value>
                <![CDATA[[TestResult name=DepositeAmount status=SUCCESS method=DepositeTest2.DepositeAmount(java.lang.String,java.lang.String,java.lang.String,java.lang.String)[pri:0, instance:Module1.DepositeTest2@428640fa] output={null}]]]>
              </value>
            </param>
          </params>
          <reporter-output>
          </reporter-output>
        </test-method> <!-- LogOutUser -->
        <test-method is-config="true" signature="CloseBrowser()[pri:0, instance:Module1.DepositeTest2@428640fa]" started-at="2023-11-27T09:34:44 IST" name="CloseBrowser" finished-at="2023-11-27T09:34:44 IST" duration-ms="177" status="PASS">
          <reporter-output>
          </reporter-output>
        </test-method> <!-- CloseBrowser -->
      </class> <!-- Module1.DepositeTest2 -->
    </test> <!-- Default test -->
  </suite> <!-- Default suite -->
</testng-results>
